2026-02-23 09:50:47.123 | ERROR    | Celery | logging:callHandlers:1706 - Error parsing job 316: argument 'by_alias': 'NoneType' object cannot be converted to 'PyBool'
2026-02-23 09:50:47.141 | ERROR    | Celery | logging:callHandlers:1706 - Error parsing job 317: argument 'by_alias': 'NoneType' object cannot be converted to 'PyBool'
2026-02-23 09:50:47.158 | ERROR    | Celery | logging:callHandlers:1706 - Error parsing job 318: argument 'by_alias': 'NoneType' object cannot be converted to 'PyBool'
2026-02-23 09:50:47.172 | ERROR    | Celery | logging:callHandlers:1706 - Error parsing job 319: argument 'by_alias': 'NoneType' object cannot be converted to 'PyBool'
2026-02-23 09:50:47.187 | ERROR    | Celery | logging:callHandlers:1706 - Error parsing job 320: argument 'by_alias': 'NoneType' object cannot be converted to 'PyBool'
2026-02-23 09:50:47.200 | ERROR    | Celery | logging:callHandlers:1706 - Error parsing job 322: argument 'by_alias': 'NoneType' object cannot be converted to 'PyBool'
2026-02-23 09:50:47.211 | ERROR    | Celery | logging:callHandlers:1706 - Error parsing job 326: argument 'by_alias': 'NoneType' object cannot be converted to 'PyBool'
2026-02-23 09:50:47.228 | ERROR    | Celery | logging:callHandlers:1706 - Error parsing job 327: argument 'by_alias': 'NoneType' object cannot be converted to 'PyBool'
2026-02-23 09:50:47.240 | ERROR    | Celery | logging:callHandlers:1706 - Error parsing job 329: argument 'by_alias': 'NoneType' object cannot be converted to 'PyBool'
2026-02-23 09:50:47.252 | ERROR    | Celery | logging:callHandlers:1706 - Error parsing job 330: argument 'by_alias': 'NoneType' object cannot be converted to 'PyBool'
2026-02-23 09:52:42.869 | ERROR    | Celery | logging:callHandlers:1706 - Error parsing job 343: argument 'by_alias': 'NoneType' object cannot be converted to 'PyBool'
2026-02-23 09:52:42.881 | ERROR    | Celery | logging:callHandlers:1706 - Error parsing job 344: argument 'by_alias': 'NoneType' object cannot be converted to 'PyBool'
2026-02-23 09:52:42.893 | ERROR    | Celery | logging:callHandlers:1706 - Error parsing job 346: argument 'by_alias': 'NoneType' object cannot be converted to 'PyBool'
2026-02-23 09:52:42.905 | ERROR    | Celery | logging:callHandlers:1706 - Error parsing job 348: argument 'by_alias': 'NoneType' object cannot be converted to 'PyBool'
2026-02-23 09:52:42.917 | ERROR    | Celery | logging:callHandlers:1706 - Error parsing job 359: argument 'by_alias': 'NoneType' object cannot be converted to 'PyBool'
2026-02-23 09:52:42.929 | ERROR    | Celery | logging:callHandlers:1706 - Error parsing job 351: argument 'by_alias': 'NoneType' object cannot be converted to 'PyBool'
2026-02-23 09:52:42.941 | ERROR    | Celery | logging:callHandlers:1706 - Error parsing job 352: argument 'by_alias': 'NoneType' object cannot be converted to 'PyBool'
2026-02-23 09:52:42.954 | ERROR    | Celery | logging:callHandlers:1706 - Error parsing job 353: argument 'by_alias': 'NoneType' object cannot be converted to 'PyBool'
2026-02-23 09:52:42.966 | ERROR    | Celery | logging:callHandlers:1706 - Error parsing job 354: argument 'by_alias': 'NoneType' object cannot be converted to 'PyBool'
2026-02-23 09:52:42.978 | ERROR    | Celery | logging:callHandlers:1706 - Error parsing job 355: argument 'by_alias': 'NoneType' object cannot be converted to 'PyBool'
2026-02-23 09:54:44.855 | ERROR    | Celery | logging:callHandlers:1706 - Error parsing job 344: argument 'by_alias': 'NoneType' object cannot be converted to 'PyBool'
2026-02-23 09:54:44.867 | ERROR    | Celery | logging:callHandlers:1706 - Error parsing job 346: argument 'by_alias': 'NoneType' object cannot be converted to 'PyBool'
2026-02-23 09:54:44.880 | ERROR    | Celery | logging:callHandlers:1706 - Error parsing job 348: argument 'by_alias': 'NoneType' object cannot be converted to 'PyBool'
2026-02-23 09:54:44.892 | ERROR    | Celery | logging:callHandlers:1706 - Error parsing job 359: argument 'by_alias': 'NoneType' object cannot be converted to 'PyBool'
2026-02-23 09:54:44.907 | ERROR    | Celery | logging:callHandlers:1706 - Error parsing job 351: argument 'by_alias': 'NoneType' object cannot be converted to 'PyBool'
2026-02-23 09:54:44.921 | ERROR    | Celery | logging:callHandlers:1706 - Error parsing job 352: argument 'by_alias': 'NoneType' object cannot be converted to 'PyBool'
2026-02-23 09:54:44.934 | ERROR    | Celery | logging:callHandlers:1706 - Error parsing job 353: argument 'by_alias': 'NoneType' object cannot be converted to 'PyBool'
2026-02-23 09:54:44.947 | ERROR    | Celery | logging:callHandlers:1706 - Error parsing job 354: argument 'by_alias': 'NoneType' object cannot be converted to 'PyBool'
2026-02-23 09:54:44.959 | ERROR    | Celery | logging:callHandlers:1706 - Error parsing job 355: argument 'by_alias': 'NoneType' object cannot be converted to 'PyBool'
2026-02-23 09:54:44.980 | ERROR    | Celery | logging:callHandlers:1706 - Error parsing job 356: argument 'by_alias': 'NoneType' object cannot be converted to 'PyBool'
2026-02-23 09:56:42.845 | ERROR    | Celery | logging:callHandlers:1706 - Error parsing job 344: argument 'by_alias': 'NoneType' object cannot be converted to 'PyBool'
2026-02-23 09:56:42.856 | ERROR    | Celery | logging:callHandlers:1706 - Error parsing job 346: argument 'by_alias': 'NoneType' object cannot be converted to 'PyBool'
2026-02-23 09:56:42.868 | ERROR    | Celery | logging:callHandlers:1706 - Error parsing job 348: argument 'by_alias': 'NoneType' object cannot be converted to 'PyBool'
2026-02-23 09:56:42.880 | ERROR    | Celery | logging:callHandlers:1706 - Error parsing job 359: argument 'by_alias': 'NoneType' object cannot be converted to 'PyBool'
2026-02-23 09:56:42.893 | ERROR    | Celery | logging:callHandlers:1706 - Error parsing job 352: argument 'by_alias': 'NoneType' object cannot be converted to 'PyBool'
2026-02-23 09:56:42.905 | ERROR    | Celery | logging:callHandlers:1706 - Error parsing job 353: argument 'by_alias': 'NoneType' object cannot be converted to 'PyBool'
2026-02-23 09:56:42.916 | ERROR    | Celery | logging:callHandlers:1706 - Error parsing job 354: argument 'by_alias': 'NoneType' object cannot be converted to 'PyBool'
2026-02-23 09:56:42.933 | ERROR    | Celery | logging:callHandlers:1706 - Error parsing job 355: argument 'by_alias': 'NoneType' object cannot be converted to 'PyBool'
2026-02-23 09:56:42.946 | ERROR    | Celery | logging:callHandlers:1706 - Error parsing job 351: argument 'by_alias': 'NoneType' object cannot be converted to 'PyBool'
2026-02-23 09:56:42.959 | ERROR    | Celery | logging:callHandlers:1706 - Error parsing job 357: argument 'by_alias': 'NoneType' object cannot be converted to 'PyBool'
2026-02-23 09:58:42.869 | ERROR    | Celery | logging:callHandlers:1706 - Error parsing job 344: argument 'by_alias': 'NoneType' object cannot be converted to 'PyBool'
2026-02-23 09:58:42.881 | ERROR    | Celery | logging:callHandlers:1706 - Error parsing job 346: argument 'by_alias': 'NoneType' object cannot be converted to 'PyBool'
2026-02-23 09:58:42.893 | ERROR    | Celery | logging:callHandlers:1706 - Error parsing job 348: argument 'by_alias': 'NoneType' object cannot be converted to 'PyBool'
2026-02-23 09:58:42.904 | ERROR    | Celery | logging:callHandlers:1706 - Error parsing job 359: argument 'by_alias': 'NoneType' object cannot be converted to 'PyBool'
2026-02-23 09:58:42.917 | ERROR    | Celery | logging:callHandlers:1706 - Error parsing job 352: argument 'by_alias': 'NoneType' object cannot be converted to 'PyBool'
2026-02-23 09:58:42.930 | ERROR    | Celery | logging:callHandlers:1706 - Error parsing job 354: argument 'by_alias': 'NoneType' object cannot be converted to 'PyBool'
2026-02-23 09:58:42.943 | ERROR    | Celery | logging:callHandlers:1706 - Error parsing job 355: argument 'by_alias': 'NoneType' object cannot be converted to 'PyBool'
2026-02-23 09:58:42.956 | ERROR    | Celery | logging:callHandlers:1706 - Error parsing job 351: argument 'by_alias': 'NoneType' object cannot be converted to 'PyBool'
2026-02-23 09:58:42.968 | ERROR    | Celery | logging:callHandlers:1706 - Error parsing job 353: argument 'by_alias': 'NoneType' object cannot be converted to 'PyBool'
2026-02-23 09:58:42.981 | ERROR    | Celery | logging:callHandlers:1706 - Error parsing job 358: argument 'by_alias': 'NoneType' object cannot be converted to 'PyBool'
2026-02-23 10:00:42.882 | ERROR    | Celery | logging:callHandlers:1706 - Error parsing job 359: argument 'by_alias': 'NoneType' object cannot be converted to 'PyBool'
2026-02-23 10:00:42.894 | ERROR    | Celery | logging:callHandlers:1706 - Error parsing job 346: argument 'by_alias': 'NoneType' object cannot be converted to 'PyBool'
2026-02-23 10:00:42.904 | ERROR    | Celery | logging:callHandlers:1706 - Error parsing job 348: argument 'by_alias': 'NoneType' object cannot be converted to 'PyBool'
2026-02-23 10:00:42.917 | ERROR    | Celery | logging:callHandlers:1706 - Error parsing job 354: argument 'by_alias': 'NoneType' object cannot be converted to 'PyBool'
2026-02-23 10:00:42.929 | ERROR    | Celery | logging:callHandlers:1706 - Error parsing job 352: argument 'by_alias': 'NoneType' object cannot be converted to 'PyBool'
2026-02-23 10:00:42.940 | ERROR    | Celery | logging:callHandlers:1706 - Error parsing job 353: argument 'by_alias': 'NoneType' object cannot be converted to 'PyBool'
2026-02-23 10:00:42.953 | ERROR    | Celery | logging:callHandlers:1706 - Error parsing job 351: argument 'by_alias': 'NoneType' object cannot be converted to 'PyBool'
2026-02-23 10:00:42.968 | ERROR    | Celery | logging:callHandlers:1706 - Error parsing job 355: argument 'by_alias': 'NoneType' object cannot be converted to 'PyBool'
2026-02-23 10:00:42.980 | ERROR    | Celery | logging:callHandlers:1706 - Error parsing job 361: argument 'by_alias': 'NoneType' object cannot be converted to 'PyBool'
2026-02-23 10:00:42.992 | ERROR    | Celery | logging:callHandlers:1706 - Error parsing job 363: argument 'by_alias': 'NoneType' object cannot be converted to 'PyBool'
2026-02-23 10:02:48.949 | ERROR    | Celery | logging:callHandlers:1706 - Error parsing job 354: argument 'by_alias': 'NoneType' object cannot be converted to 'PyBool'
2026-02-23 10:02:48.964 | ERROR    | Celery | logging:callHandlers:1706 - Error parsing job 348: argument 'by_alias': 'NoneType' object cannot be converted to 'PyBool'
2026-02-23 10:02:48.976 | ERROR    | Celery | logging:callHandlers:1706 - Error parsing job 355: argument 'by_alias': 'NoneType' object cannot be converted to 'PyBool'
2026-02-23 10:02:48.989 | ERROR    | Celery | logging:callHandlers:1706 - Error parsing job 352: argument 'by_alias': 'NoneType' object cannot be converted to 'PyBool'
2026-02-23 10:02:49.001 | ERROR    | Celery | logging:callHandlers:1706 - Error parsing job 351: argument 'by_alias': 'NoneType' object cannot be converted to 'PyBool'
2026-02-23 10:02:49.013 | ERROR    | Celery | logging:callHandlers:1706 - Error parsing job 346: argument 'by_alias': 'NoneType' object cannot be converted to 'PyBool'
2026-02-23 10:02:49.024 | ERROR    | Celery | logging:callHandlers:1706 - Error parsing job 353: argument 'by_alias': 'NoneType' object cannot be converted to 'PyBool'
2026-02-23 10:02:49.036 | ERROR    | Celery | logging:callHandlers:1706 - Error parsing job 359: argument 'by_alias': 'NoneType' object cannot be converted to 'PyBool'
2026-02-23 10:02:49.049 | ERROR    | Celery | logging:callHandlers:1706 - Error parsing job 364: argument 'by_alias': 'NoneType' object cannot be converted to 'PyBool'
2026-02-23 10:02:49.060 | ERROR    | Celery | logging:callHandlers:1706 - Error parsing job 365: argument 'by_alias': 'NoneType' object cannot be converted to 'PyBool'
2026-02-23 10:08:09.999 | ERROR    | Celery | logging:callHandlers:1706 - Error parsing job 355: argument 'by_alias': 'NoneType' object cannot be converted to 'PyBool'
2026-02-23 10:08:10.011 | ERROR    | Celery | logging:callHandlers:1706 - Error parsing job 351: argument 'by_alias': 'NoneType' object cannot be converted to 'PyBool'
2026-02-23 10:08:10.023 | ERROR    | Celery | logging:callHandlers:1706 - Error parsing job 352: argument 'by_alias': 'NoneType' object cannot be converted to 'PyBool'
2026-02-23 10:08:10.034 | ERROR    | Celery | logging:callHandlers:1706 - Error parsing job 359: argument 'by_alias': 'NoneType' object cannot be converted to 'PyBool'
2026-02-23 10:08:10.046 | ERROR    | Celery | logging:callHandlers:1706 - Error parsing job 353: argument 'by_alias': 'NoneType' object cannot be converted to 'PyBool'
2026-02-23 10:08:10.059 | ERROR    | Celery | logging:callHandlers:1706 - Error parsing job 348: argument 'by_alias': 'NoneType' object cannot be converted to 'PyBool'
2026-02-23 10:08:10.071 | ERROR    | Celery | logging:callHandlers:1706 - Error parsing job 346: argument 'by_alias': 'NoneType' object cannot be converted to 'PyBool'
2026-02-23 10:08:10.084 | ERROR    | Celery | logging:callHandlers:1706 - Error parsing job 354: argument 'by_alias': 'NoneType' object cannot be converted to 'PyBool'
2026-02-23 10:08:10.109 | ERROR    | Celery | logging:callHandlers:1706 - Error parsing job 366: argument 'by_alias': 'NoneType' object cannot be converted to 'PyBool'
2026-02-23 10:08:10.120 | ERROR    | Celery | logging:callHandlers:1706 - Error parsing job 357: argument 'by_alias': 'NoneType' object cannot be converted to 'PyBool'
2026-02-23 10:08:12.217 | ERROR    | Celery | logging:callHandlers:1706 - Error parsing job 352: argument 'by_alias': 'NoneType' object cannot be converted to 'PyBool'
2026-02-23 10:08:12.229 | ERROR    | Celery | logging:callHandlers:1706 - Error parsing job 346: argument 'by_alias': 'NoneType' object cannot be converted to 'PyBool'
2026-02-23 10:08:12.241 | ERROR    | Celery | logging:callHandlers:1706 - Error parsing job 359: argument 'by_alias': 'NoneType' object cannot be converted to 'PyBool'
2026-02-23 10:08:12.254 | ERROR    | Celery | logging:callHandlers:1706 - Error parsing job 348: argument 'by_alias': 'NoneType' object cannot be converted to 'PyBool'
2026-02-23 10:08:12.265 | ERROR    | Celery | logging:callHandlers:1706 - Error parsing job 354: argument 'by_alias': 'NoneType' object cannot be converted to 'PyBool'
2026-02-23 10:08:12.275 | ERROR    | Celery | logging:callHandlers:1706 - Error parsing job 351: argument 'by_alias': 'NoneType' object cannot be converted to 'PyBool'
2026-02-23 10:08:12.286 | ERROR    | Celery | logging:callHandlers:1706 - Error parsing job 353: argument 'by_alias': 'NoneType' object cannot be converted to 'PyBool'
2026-02-23 10:08:12.298 | ERROR    | Celery | logging:callHandlers:1706 - Error parsing job 355: argument 'by_alias': 'NoneType' object cannot be converted to 'PyBool'
2026-02-23 10:08:12.310 | ERROR    | Celery | logging:callHandlers:1706 - Error parsing job 358: argument 'by_alias': 'NoneType' object cannot be converted to 'PyBool'
2026-02-23 10:08:12.322 | ERROR    | Celery | logging:callHandlers:1706 - Error parsing job 361: argument 'by_alias': 'NoneType' object cannot be converted to 'PyBool'
2026-02-23 10:22:17.984 | ERROR    | Celery | logging:callHandlers:1706 - Error parsing job 352: argument 'by_alias': 'NoneType' object cannot be converted to 'PyBool'
2026-02-23 10:22:18.001 | ERROR    | Celery | logging:callHandlers:1706 - Error parsing job 346: argument 'by_alias': 'NoneType' object cannot be converted to 'PyBool'
2026-02-23 10:22:18.015 | ERROR    | Celery | logging:callHandlers:1706 - Error parsing job 354: argument 'by_alias': 'NoneType' object cannot be converted to 'PyBool'
2026-02-23 10:22:18.027 | ERROR    | Celery | logging:callHandlers:1706 - Error parsing job 355: argument 'by_alias': 'NoneType' object cannot be converted to 'PyBool'
2026-02-23 10:22:18.040 | ERROR    | Celery | logging:callHandlers:1706 - Error parsing job 351: argument 'by_alias': 'NoneType' object cannot be converted to 'PyBool'
2026-02-23 10:22:18.053 | ERROR    | Celery | logging:callHandlers:1706 - Error parsing job 348: argument 'by_alias': 'NoneType' object cannot be converted to 'PyBool'
2026-02-23 10:22:18.065 | ERROR    | Celery | logging:callHandlers:1706 - Error parsing job 353: argument 'by_alias': 'NoneType' object cannot be converted to 'PyBool'
2026-02-23 10:22:18.076 | ERROR    | Celery | logging:callHandlers:1706 - Error parsing job 359: argument 'by_alias': 'NoneType' object cannot be converted to 'PyBool'
2026-02-23 10:22:18.089 | ERROR    | Celery | logging:callHandlers:1706 - Error parsing job 361: argument 'by_alias': 'NoneType' object cannot be converted to 'PyBool'
2026-02-23 10:22:18.101 | ERROR    | Celery | logging:callHandlers:1706 - Error parsing job 363: argument 'by_alias': 'NoneType' object cannot be converted to 'PyBool'
2026-02-23 10:23:56.088 | ERROR    | Celery | logging:callHandlers:1706 - Error parsing job 352: argument 'by_alias': 'NoneType' object cannot be converted to 'PyBool'
2026-02-23 10:23:56.102 | ERROR    | Celery | logging:callHandlers:1706 - Error parsing job 346: argument 'by_alias': 'NoneType' object cannot be converted to 'PyBool'
2026-02-23 10:23:56.114 | ERROR    | Celery | logging:callHandlers:1706 - Error parsing job 354: argument 'by_alias': 'NoneType' object cannot be converted to 'PyBool'
2026-02-23 10:23:56.126 | ERROR    | Celery | logging:callHandlers:1706 - Error parsing job 348: argument 'by_alias': 'NoneType' object cannot be converted to 'PyBool'
2026-02-23 10:23:56.138 | ERROR    | Celery | logging:callHandlers:1706 - Error parsing job 353: argument 'by_alias': 'NoneType' object cannot be converted to 'PyBool'
2026-02-23 10:23:56.150 | ERROR    | Celery | logging:callHandlers:1706 - Error parsing job 359: argument 'by_alias': 'NoneType' object cannot be converted to 'PyBool'
2026-02-23 10:23:56.161 | ERROR    | Celery | logging:callHandlers:1706 - Error parsing job 351: argument 'by_alias': 'NoneType' object cannot be converted to 'PyBool'
2026-02-23 10:23:56.173 | ERROR    | Celery | logging:callHandlers:1706 - Error parsing job 355: argument 'by_alias': 'NoneType' object cannot be converted to 'PyBool'
2026-02-23 10:23:56.186 | ERROR    | Celery | logging:callHandlers:1706 - Error parsing job 363: argument 'by_alias': 'NoneType' object cannot be converted to 'PyBool'
2026-02-23 10:23:56.198 | ERROR    | Celery | logging:callHandlers:1706 - Error parsing job 364: argument 'by_alias': 'NoneType' object cannot be converted to 'PyBool'
2026-02-23 10:25:52.255 | CRITICAL | Celery | logging:callHandlers:1706 - beat raised exception <class 'FileNotFoundError'>: FileNotFoundError(2, 'No such file or directory')
Traceback (most recent call last):

  File "<frozen runpy>", line 198, in _run_module_as_main
  File "<frozen runpy>", line 88, in _run_code

  File "D:\minicanda\mini\envs\job\Scripts\celery.exe\__main__.py", line 6, in <module>

  File "D:\minicanda\mini\envs\job\Lib\site-packages\celery\__main__.py", line 15, in main
    sys.exit(_main())
    │   │    └ <function main at 0x00000222FCFFEFC0>
    │   └ <built-in function exit>
    └ <module 'sys' (built-in)>
  File "D:\minicanda\mini\envs\job\Lib\site-packages\celery\bin\celery.py", line 231, in main
    return celery(auto_envvar_prefix="CELERY")
           └ <DYMGroup celery>
  File "D:\minicanda\mini\envs\job\Lib\site-packages\click\core.py", line 1485, in __call__
    return self.main(*args, **kwargs)
           │    │     │       └ {'auto_envvar_prefix': 'CELERY'}
           │    │     └ ()
           │    └ <function Command.main at 0x00000222FB56B7E0>
           └ <DYMGroup celery>
  File "D:\minicanda\mini\envs\job\Lib\site-packages\click\core.py", line 1406, in main
    rv = self.invoke(ctx)
         │    │      └ <click.core.Context object at 0x00000222FAB0A310>
         │    └ <function Group.invoke at 0x00000222FB570720>
         └ <DYMGroup celery>
  File "D:\minicanda\mini\envs\job\Lib\site-packages\click\core.py", line 1873, in invoke
    return _process_result(sub_ctx.command.invoke(sub_ctx))
           │               │       │       │      └ <click.core.Context object at 0x00000222FAB09090>
           │               │       │       └ <function Command.invoke at 0x00000222FB56B4C0>
           │               │       └ <CeleryDaemonCommand beat>
           │               └ <click.core.Context object at 0x00000222FAB09090>
           └ <function Group.invoke.<locals>._process_result at 0x00000222FAB04A40>
  File "D:\minicanda\mini\envs\job\Lib\site-packages\click\core.py", line 1269, in invoke
    return ctx.invoke(self.callback, **ctx.params)
           │   │      │    │           │   └ {'loglevel': 20, 'detach': False, 'schedule': 'celerybeat-schedule', 'scheduler': 'celery.beat:PersistentScheduler', 'max_int...
           │   │      │    │           └ <click.core.Context object at 0x00000222FAB09090>
           │   │      │    └ <function beat at 0x00000222FE231B20>
           │   │      └ <CeleryDaemonCommand beat>
           │   └ <function Context.invoke at 0x00000222FB56A700>
           └ <click.core.Context object at 0x00000222FAB09090>
  File "D:\minicanda\mini\envs\job\Lib\site-packages\click\core.py", line 824, in invoke
    return callback(*args, **kwargs)
           │         │       └ {'loglevel': 20, 'detach': False, 'schedule': 'celerybeat-schedule', 'scheduler': 'celery.beat:PersistentScheduler', 'max_int...
           │         └ ()
           └ <function beat at 0x00000222FE231B20>
  File "D:\minicanda\mini\envs\job\Lib\site-packages\click\decorators.py", line 34, in new_func
    return f(get_current_context(), *args, **kwargs)
           │ │                       │       └ {'loglevel': 20, 'detach': False, 'schedule': 'celerybeat-schedule', 'scheduler': 'celery.beat:PersistentScheduler', 'max_int...
           │ │                       └ ()
           │ └ <function get_current_context at 0x00000222FB534E00>
           └ <function beat at 0x00000222FE231A80>
  File "D:\minicanda\mini\envs\job\Lib\site-packages\celery\bin\base.py", line 135, in caller
    return f(ctx, *args, **kwargs)
           │ │     │       └ {'loglevel': 20, 'detach': False, 'schedule': 'celerybeat-schedule', 'scheduler': 'celery.beat:PersistentScheduler', 'max_int...
           │ │     └ ()
           │ └ <click.core.Context object at 0x00000222FAB09090>
           └ <function beat at 0x00000222FE2319E0>
  File "D:\minicanda\mini\envs\job\Lib\site-packages\celery\bin\beat.py", line 72, in beat
    return beat().run()
           └ functools.partial(<class 'celery.apps.beat.Beat'>, logfile=None, pidfile=None, quiet=False, loglevel=20, schedule='celerybeat...
  File "D:\minicanda\mini\envs\job\Lib\site-packages\celery\apps\beat.py", line 84, in run
    self.start_scheduler()
    │    └ <function Beat.start_scheduler at 0x000002228138D300>
    └ <celery.apps.beat.Beat object at 0x00000222812D8E10>
> File "D:\minicanda\mini\envs\job\Lib\site-packages\celery\apps\beat.py", line 113, in start_scheduler
    service.start()
    │       └ <function Service.start at 0x000002228138C900>
    └ <celery.beat.Service object at 0x0000022285521E50>
  File "D:\minicanda\mini\envs\job\Lib\site-packages\celery\beat.py", line 650, in start
    self.scheduler._do_sync()
    │    └ <kombu.utils.objects.cached_property object at 0x00000222813885D0>
    └ <celery.beat.Service object at 0x0000022285521E50>
  File "D:\minicanda\mini\envs\job\Lib\site-packages\celery\beat.py", line 429, in _do_sync
    self.sync()
    │    └ <function PersistentScheduler.sync at 0x000002228138C540>
    └ <celery.beat.PersistentScheduler object at 0x0000022283E3F550>
  File "D:\minicanda\mini\envs\job\Lib\site-packages\celery\beat.py", line 600, in sync
    self._store.sync()
    │    │      └ <function Shelf.sync at 0x00000222FE2565C0>
    │    └ <shelve.DbfilenameShelf object at 0x000002228563C110>
    └ <celery.beat.PersistentScheduler object at 0x0000022283E3F550>
  File "D:\minicanda\mini\envs\job\Lib\shelve.py", line 168, in sync
    self[key] = entry
    │    │      └ {'check-proxies-every-2-hours': <ScheduleEntry: check-proxies-every-2-hours tasks.check_proxies() <freq: 2.00 hours>, 'sync-p...
    │    └ 'entries'
    └ <shelve.DbfilenameShelf object at 0x000002228563C110>
  File "D:\minicanda\mini\envs\job\Lib\shelve.py", line 125, in __setitem__
    self.dict[key.encode(self.keyencoding)] = f.getvalue()
    │    │    │   │      │    │               │ └ <method 'getvalue' of '_io.BytesIO' objects>
    │    │    │   │      │    │               └ <_io.BytesIO object at 0x0000022285739A30>
    │    │    │   │      │    └ 'utf-8'
    │    │    │   │      └ <shelve.DbfilenameShelf object at 0x000002228563C110>
    │    │    │   └ <method 'encode' of 'str' objects>
    │    │    └ 'entries'
    │    └ <Closed Dictionary>
    └ <shelve.DbfilenameShelf object at 0x000002228563C110>
  File "D:\minicanda\mini\envs\job\Lib\dbm\dumb.py", line 209, in __setitem__
    self._index[key] = self._setval(pos, val)
    │    │      │      │    │       │    └ b'\x80\x04\x95\xc7\x02\x00\x00\x00\x00\x00\x00}\x94(\x8c\x1bcheck-proxies-every-2-hours\x94\x8c\x0bcelery.beat\x94\x8c\rSched...
    │    │      │      │    │       └ 2048
    │    │      │      │    └ <function _Database._setval at 0x00000222856D3560>
    │    │      │      └ <dbm.dumb._Database object at 0x00000222858FD010>
    │    │      └ b'entries'
    │    └ None
    └ <dbm.dumb._Database object at 0x00000222858FD010>
  File "D:\minicanda\mini\envs\job\Lib\dbm\dumb.py", line 173, in _setval
    with _io.open(self._datfile, 'rb+') as f:
         │   │    │    └ None
         │   │    └ <dbm.dumb._Database object at 0x00000222858FD010>
         │   └ <built-in function open>
         └ <module 'io' (frozen)>

FileNotFoundError: [Errno 2] No such file or directory: b'celerybeat-schedule.dat'
2026-02-23 10:27:21.163 | CRITICAL | Celery | logging:callHandlers:1706 - beat raised exception <class 'EOFError'>: EOFError('Ran out of input')
Traceback (most recent call last):

  File "D:\minicanda\mini\envs\job\Lib\shelve.py", line 111, in __getitem__
    value = self.cache[key]
            │    │     └ 'entries'
            │    └ {}
            └ <shelve.DbfilenameShelf object at 0x000002681BB3B790>

KeyError: 'entries'


During handling of the above exception, another exception occurred:


Traceback (most recent call last):

  File "<frozen runpy>", line 198, in _run_module_as_main
  File "<frozen runpy>", line 88, in _run_code

  File "D:\minicanda\mini\envs\job\Scripts\celery.exe\__main__.py", line 6, in <module>

  File "D:\minicanda\mini\envs\job\Lib\site-packages\celery\__main__.py", line 15, in main
    sys.exit(_main())
    │   │    └ <function main at 0x0000026814AAEFC0>
    │   └ <built-in function exit>
    └ <module 'sys' (built-in)>
  File "D:\minicanda\mini\envs\job\Lib\site-packages\celery\bin\celery.py", line 231, in main
    return celery(auto_envvar_prefix="CELERY")
           └ <DYMGroup celery>
  File "D:\minicanda\mini\envs\job\Lib\site-packages\click\core.py", line 1485, in __call__
    return self.main(*args, **kwargs)
           │    │     │       └ {'auto_envvar_prefix': 'CELERY'}
           │    │     └ ()
           │    └ <function Command.main at 0x000002681301B7E0>
           └ <DYMGroup celery>
  File "D:\minicanda\mini\envs\job\Lib\site-packages\click\core.py", line 1406, in main
    rv = self.invoke(ctx)
         │    │      └ <click.core.Context object at 0x0000026815CAE6D0>
         │    └ <function Group.invoke at 0x0000026813020720>
         └ <DYMGroup celery>
  File "D:\minicanda\mini\envs\job\Lib\site-packages\click\core.py", line 1873, in invoke
    return _process_result(sub_ctx.command.invoke(sub_ctx))
           │               │       │       │      └ <click.core.Context object at 0x0000026815CAF5D0>
           │               │       │       └ <function Command.invoke at 0x000002681301B4C0>
           │               │       └ <CeleryDaemonCommand beat>
           │               └ <click.core.Context object at 0x0000026815CAF5D0>
           └ <function Group.invoke.<locals>._process_result at 0x00000268125D4A40>
  File "D:\minicanda\mini\envs\job\Lib\site-packages\click\core.py", line 1269, in invoke
    return ctx.invoke(self.callback, **ctx.params)
           │   │      │    │           │   └ {'loglevel': 20, 'detach': False, 'schedule': 'celerybeat-schedule', 'scheduler': 'celery.beat:PersistentScheduler', 'max_int...
           │   │      │    │           └ <click.core.Context object at 0x0000026815CAF5D0>
           │   │      │    └ <function beat at 0x0000026815CE1B20>
           │   │      └ <CeleryDaemonCommand beat>
           │   └ <function Context.invoke at 0x000002681301A700>
           └ <click.core.Context object at 0x0000026815CAF5D0>
  File "D:\minicanda\mini\envs\job\Lib\site-packages\click\core.py", line 824, in invoke
    return callback(*args, **kwargs)
           │         │       └ {'loglevel': 20, 'detach': False, 'schedule': 'celerybeat-schedule', 'scheduler': 'celery.beat:PersistentScheduler', 'max_int...
           │         └ ()
           └ <function beat at 0x0000026815CE1B20>
  File "D:\minicanda\mini\envs\job\Lib\site-packages\click\decorators.py", line 34, in new_func
    return f(get_current_context(), *args, **kwargs)
           │ │                       │       └ {'loglevel': 20, 'detach': False, 'schedule': 'celerybeat-schedule', 'scheduler': 'celery.beat:PersistentScheduler', 'max_int...
           │ │                       └ ()
           │ └ <function get_current_context at 0x0000026812FE4E00>
           └ <function beat at 0x0000026815CE1A80>
  File "D:\minicanda\mini\envs\job\Lib\site-packages\celery\bin\base.py", line 135, in caller
    return f(ctx, *args, **kwargs)
           │ │     │       └ {'loglevel': 20, 'detach': False, 'schedule': 'celerybeat-schedule', 'scheduler': 'celery.beat:PersistentScheduler', 'max_int...
           │ │     └ ()
           │ └ <click.core.Context object at 0x0000026815CAF5D0>
           └ <function beat at 0x0000026815CE19E0>
  File "D:\minicanda\mini\envs\job\Lib\site-packages\celery\bin\beat.py", line 72, in beat
    return beat().run()
           └ functools.partial(<class 'celery.apps.beat.Beat'>, logfile=None, pidfile=None, quiet=False, loglevel=20, schedule='celerybeat...
  File "D:\minicanda\mini\envs\job\Lib\site-packages\celery\apps\beat.py", line 84, in run
    self.start_scheduler()
    │    └ <function Beat.start_scheduler at 0x0000026818E4D300>
    └ <celery.apps.beat.Beat object at 0x0000026818DD6750>
> File "D:\minicanda\mini\envs\job\Lib\site-packages\celery\apps\beat.py", line 113, in start_scheduler
    service.start()
    │       └ <function Service.start at 0x0000026818E4C900>
    └ <celery.beat.Service object at 0x000002681A4BAF50>
  File "D:\minicanda\mini\envs\job\Lib\site-packages\celery\beat.py", line 635, in start
    humanize_seconds(self.scheduler.max_interval))
    │                │    └ <kombu.utils.objects.cached_property object at 0x0000026818E45050>
    │                └ <celery.beat.Service object at 0x000002681A4BAF50>
    └ <function humanize_seconds at 0x0000026814DCDA80>
  File "D:\minicanda\mini\envs\job\Lib\site-packages\kombu\utils\objects.py", line 40, in __get__
    return super().__get__(instance, owner)
                           │         └ <class 'celery.beat.Service'>
                           └ <celery.beat.Service object at 0x000002681A4BAF50>
  File "D:\minicanda\mini\envs\job\Lib\functools.py", line 1001, in __get__
    val = self.func(instance)
          │    │    └ <celery.beat.Service object at 0x000002681A4BAF50>
          │    └ <function Service.scheduler at 0x0000026818E4CB80>
          └ <kombu.utils.objects.cached_property object at 0x0000026818E45050>
  File "D:\minicanda\mini\envs\job\Lib\site-packages\celery\beat.py", line 678, in scheduler
    return self.get_scheduler()
           │    └ <function Service.get_scheduler at 0x0000026818E4CAE0>
           └ <celery.beat.Service object at 0x000002681A4BAF50>
  File "D:\minicanda\mini\envs\job\Lib\site-packages\celery\beat.py", line 669, in get_scheduler
    return symbol_by_name(self.scheduler_cls, aliases=aliases)(
           │              │    │                      └ {}
           │              │    └ 'celery.beat:PersistentScheduler'
           │              └ <celery.beat.Service object at 0x000002681A4BAF50>
           └ <function symbol_by_name at 0x0000026814AF0E00>
  File "D:\minicanda\mini\envs\job\Lib\site-packages\celery\beat.py", line 514, in __init__
    super().__init__(*args, **kwargs)
                      │       └ {'app': <Celery job_worker at 0x26815c9add0>, 'schedule_filename': 'celerybeat-schedule', 'max_interval': 0, 'lazy': False}
                      └ ()
  File "D:\minicanda\mini\envs\job\Lib\site-packages\celery\beat.py", line 265, in __init__
    self.setup_schedule()
    │    └ <function PersistentScheduler.setup_schedule at 0x0000026818E4C2C0>
    └ <celery.beat.PersistentScheduler object at 0x0000026817323F10>
  File "D:\minicanda\mini\envs\job\Lib\site-packages\celery\beat.py", line 542, in setup_schedule
    self._create_schedule()
    │    └ <function PersistentScheduler._create_schedule at 0x0000026818E4C360>
    └ <celery.beat.PersistentScheduler object at 0x0000026817323F10>
  File "D:\minicanda\mini\envs\job\Lib\site-packages\celery\beat.py", line 571, in _create_schedule
    self._store['entries']
    │    └ <shelve.DbfilenameShelf object at 0x000002681BB3B790>
    └ <celery.beat.PersistentScheduler object at 0x0000026817323F10>
  File "D:\minicanda\mini\envs\job\Lib\shelve.py", line 114, in __getitem__
    value = Unpickler(f).load()
            │         └ <_io.BytesIO object at 0x000002681B90F510>
            └ <class '_pickle.Unpickler'>

EOFError: Ran out of input
2026-02-23 10:29:53.210 | ERROR    | Celery | logging:callHandlers:1706 - Error parsing job 359: argument 'by_alias': 'NoneType' object cannot be converted to 'PyBool'
2026-02-23 10:29:53.224 | ERROR    | Celery | logging:callHandlers:1706 - Error parsing job 348: argument 'by_alias': 'NoneType' object cannot be converted to 'PyBool'
2026-02-23 10:29:53.239 | ERROR    | Celery | logging:callHandlers:1706 - Error parsing job 355: argument 'by_alias': 'NoneType' object cannot be converted to 'PyBool'
2026-02-23 10:29:53.251 | ERROR    | Celery | logging:callHandlers:1706 - Error parsing job 351: argument 'by_alias': 'NoneType' object cannot be converted to 'PyBool'
2026-02-23 10:29:53.267 | ERROR    | Celery | logging:callHandlers:1706 - Error parsing job 346: argument 'by_alias': 'NoneType' object cannot be converted to 'PyBool'
2026-02-23 10:29:53.281 | ERROR    | Celery | logging:callHandlers:1706 - Error parsing job 353: argument 'by_alias': 'NoneType' object cannot be converted to 'PyBool'
2026-02-23 10:29:53.293 | ERROR    | Celery | logging:callHandlers:1706 - Error parsing job 354: argument 'by_alias': 'NoneType' object cannot be converted to 'PyBool'
2026-02-23 10:29:53.307 | ERROR    | Celery | logging:callHandlers:1706 - Error parsing job 364: argument 'by_alias': 'NoneType' object cannot be converted to 'PyBool'
2026-02-23 10:29:53.320 | ERROR    | Celery | logging:callHandlers:1706 - Error parsing job 363: argument 'by_alias': 'NoneType' object cannot be converted to 'PyBool'
2026-02-23 10:29:53.332 | ERROR    | Celery | logging:callHandlers:1706 - Error parsing job 365: argument 'by_alias': 'NoneType' object cannot be converted to 'PyBool'
2026-02-23 10:31:47.035 | ERROR    | Celery | logging:callHandlers:1706 - Error parsing job 348: argument 'by_alias': 'NoneType' object cannot be converted to 'PyBool'
2026-02-23 10:31:47.048 | ERROR    | Celery | logging:callHandlers:1706 - Error parsing job 351: argument 'by_alias': 'NoneType' object cannot be converted to 'PyBool'
2026-02-23 10:31:47.062 | ERROR    | Celery | logging:callHandlers:1706 - Error parsing job 353: argument 'by_alias': 'NoneType' object cannot be converted to 'PyBool'
2026-02-23 10:31:47.077 | ERROR    | Celery | logging:callHandlers:1706 - Error parsing job 346: argument 'by_alias': 'NoneType' object cannot be converted to 'PyBool'
2026-02-23 10:31:47.090 | ERROR    | Celery | logging:callHandlers:1706 - Error parsing job 355: argument 'by_alias': 'NoneType' object cannot be converted to 'PyBool'
2026-02-23 10:31:47.104 | ERROR    | Celery | logging:callHandlers:1706 - Error parsing job 354: argument 'by_alias': 'NoneType' object cannot be converted to 'PyBool'
2026-02-23 10:31:47.118 | ERROR    | Celery | logging:callHandlers:1706 - Error parsing job 359: argument 'by_alias': 'NoneType' object cannot be converted to 'PyBool'
2026-02-23 10:31:47.133 | ERROR    | Celery | logging:callHandlers:1706 - Error parsing job 363: argument 'by_alias': 'NoneType' object cannot be converted to 'PyBool'
2026-02-23 10:31:47.149 | ERROR    | Celery | logging:callHandlers:1706 - Error parsing job 365: argument 'by_alias': 'NoneType' object cannot be converted to 'PyBool'
2026-02-23 10:31:47.168 | ERROR    | Celery | logging:callHandlers:1706 - Error parsing job 364: argument 'by_alias': 'NoneType' object cannot be converted to 'PyBool'
2026-02-23 10:36:16.909 | ERROR    | Celery | logging:callHandlers:1706 - Error parsing job 348: argument 'by_alias': 'NoneType' object cannot be converted to 'PyBool'
2026-02-23 10:36:16.922 | ERROR    | Celery | logging:callHandlers:1706 - Error parsing job 346: argument 'by_alias': 'NoneType' object cannot be converted to 'PyBool'
2026-02-23 10:36:16.935 | ERROR    | Celery | logging:callHandlers:1706 - Error parsing job 354: argument 'by_alias': 'NoneType' object cannot be converted to 'PyBool'
2026-02-23 10:36:16.948 | ERROR    | Celery | logging:callHandlers:1706 - Error parsing job 359: argument 'by_alias': 'NoneType' object cannot be converted to 'PyBool'
2026-02-23 10:36:16.961 | ERROR    | Celery | logging:callHandlers:1706 - Error parsing job 355: argument 'by_alias': 'NoneType' object cannot be converted to 'PyBool'
2026-02-23 10:36:16.973 | ERROR    | Celery | logging:callHandlers:1706 - Error parsing job 351: argument 'by_alias': 'NoneType' object cannot be converted to 'PyBool'
2026-02-23 10:36:16.984 | ERROR    | Celery | logging:callHandlers:1706 - Error parsing job 353: argument 'by_alias': 'NoneType' object cannot be converted to 'PyBool'
2026-02-23 10:36:16.995 | ERROR    | Celery | logging:callHandlers:1706 - Error parsing job 363: argument 'by_alias': 'NoneType' object cannot be converted to 'PyBool'
2026-02-23 10:36:17.008 | ERROR    | Celery | logging:callHandlers:1706 - Error parsing job 364: argument 'by_alias': 'NoneType' object cannot be converted to 'PyBool'
2026-02-23 10:36:17.019 | ERROR    | Celery | logging:callHandlers:1706 - Error parsing job 365: argument 'by_alias': 'NoneType' object cannot be converted to 'PyBool'
2026-02-23 10:38:10.698 | ERROR    | Celery | logging:callHandlers:1706 - Error parsing job 354: argument 'by_alias': 'NoneType' object cannot be converted to 'PyBool'
2026-02-23 10:38:10.711 | ERROR    | Celery | logging:callHandlers:1706 - Error parsing job 355: argument 'by_alias': 'NoneType' object cannot be converted to 'PyBool'
2026-02-23 10:38:10.723 | ERROR    | Celery | logging:callHandlers:1706 - Error parsing job 353: argument 'by_alias': 'NoneType' object cannot be converted to 'PyBool'
2026-02-23 10:38:10.734 | ERROR    | Celery | logging:callHandlers:1706 - Error parsing job 348: argument 'by_alias': 'NoneType' object cannot be converted to 'PyBool'
2026-02-23 10:38:10.745 | ERROR    | Celery | logging:callHandlers:1706 - Error parsing job 351: argument 'by_alias': 'NoneType' object cannot be converted to 'PyBool'
2026-02-23 10:38:10.757 | ERROR    | Celery | logging:callHandlers:1706 - Error parsing job 359: argument 'by_alias': 'NoneType' object cannot be converted to 'PyBool'
2026-02-23 10:38:10.776 | ERROR    | Celery | logging:callHandlers:1706 - Error parsing job 346: argument 'by_alias': 'NoneType' object cannot be converted to 'PyBool'
2026-02-23 10:38:10.788 | ERROR    | Celery | logging:callHandlers:1706 - Error parsing job 364: argument 'by_alias': 'NoneType' object cannot be converted to 'PyBool'
2026-02-23 10:38:10.798 | ERROR    | Celery | logging:callHandlers:1706 - Error parsing job 365: argument 'by_alias': 'NoneType' object cannot be converted to 'PyBool'
2026-02-23 10:38:10.810 | ERROR    | Celery | logging:callHandlers:1706 - Error parsing job 363: argument 'by_alias': 'NoneType' object cannot be converted to 'PyBool'
2026-02-23 10:40:11.032 | ERROR    | Celery | logging:callHandlers:1706 - Error parsing job 348: argument 'by_alias': 'NoneType' object cannot be converted to 'PyBool'
2026-02-23 10:40:11.043 | ERROR    | Celery | logging:callHandlers:1706 - Error parsing job 355: argument 'by_alias': 'NoneType' object cannot be converted to 'PyBool'
2026-02-23 10:40:11.054 | ERROR    | Celery | logging:callHandlers:1706 - Error parsing job 359: argument 'by_alias': 'NoneType' object cannot be converted to 'PyBool'
2026-02-23 10:40:11.067 | ERROR    | Celery | logging:callHandlers:1706 - Error parsing job 351: argument 'by_alias': 'NoneType' object cannot be converted to 'PyBool'
2026-02-23 10:40:11.078 | ERROR    | Celery | logging:callHandlers:1706 - Error parsing job 346: argument 'by_alias': 'NoneType' object cannot be converted to 'PyBool'
2026-02-23 10:40:11.089 | ERROR    | Celery | logging:callHandlers:1706 - Error parsing job 354: argument 'by_alias': 'NoneType' object cannot be converted to 'PyBool'
2026-02-23 10:40:11.102 | ERROR    | Celery | logging:callHandlers:1706 - Error parsing job 353: argument 'by_alias': 'NoneType' object cannot be converted to 'PyBool'
2026-02-23 10:40:11.113 | ERROR    | Celery | logging:callHandlers:1706 - Error parsing job 364: argument 'by_alias': 'NoneType' object cannot be converted to 'PyBool'
2026-02-23 10:40:11.125 | ERROR    | Celery | logging:callHandlers:1706 - Error parsing job 363: argument 'by_alias': 'NoneType' object cannot be converted to 'PyBool'
2026-02-23 10:40:11.137 | ERROR    | Celery | logging:callHandlers:1706 - Error parsing job 365: argument 'by_alias': 'NoneType' object cannot be converted to 'PyBool'
2026-02-23 14:34:07.045 | ERROR    | Celery | logging:callHandlers:1706 - Task tasks.check_proxies[08a11d3e-4ad0-4151-844d-9a3932925574] raised unexpected: ConnectionError('Error 22 while writing to socket. 指定的网络名不再可用。.')
Traceback (most recent call last):

  File "D:\minicanda\mini\envs\job\Lib\asyncio\windows_events.py", line 494, in finish_recv
    return ov.getresult()
           │  └ <method 'getresult' of '_overlapped.Overlapped' objects>
           └ <_overlapped.Overlapped object at 0x000001775C3913B0>

OSError: [WinError 64] 指定的网络名不再可用。


During handling of the above exception, another exception occurred:


Traceback (most recent call last):

  File "D:\minicanda\mini\envs\job\Lib\site-packages\redis\asyncio\connection.py", line 543, in send_packed_command
    await self._writer.drain()
          │    └ <member '_writer' of 'AbstractConnection' objects>
          └ <redis.asyncio.connection.Connection(host=localhost,port=6379,db=0)>
  File "D:\minicanda\mini\envs\job\Lib\asyncio\streams.py", line 380, in drain
    raise exc
          └ ConnectionResetError(22, '指定的网络名不再可用。', None, 64, None)
  File "D:\minicanda\mini\envs\job\Lib\asyncio\proactor_events.py", line 286, in _loop_reading
    length = fut.result()
             │   └ <method 'result' of '_asyncio.Future' objects>
             └ <_OverlappedFuture finished exception=ConnectionResetError(22, '指定的网络名不再可用。', None, 64, None)>
  File "D:\minicanda\mini\envs\job\Lib\asyncio\windows_events.py", line 854, in _poll
    value = callback(transferred, key, ov)
            │        │            │    └ <_overlapped.Overlapped object at 0x000001775C3913B0>
            │        │            └ 0
            │        └ 0
            └ <function IocpProactor.recv_into.<locals>.finish_recv at 0x000001775A9B0900>
  File "D:\minicanda\mini\envs\job\Lib\asyncio\windows_events.py", line 498, in finish_recv
    raise ConnectionResetError(*exc.args)

ConnectionResetError: [WinError 64] 指定的网络名不再可用。


The above exception was the direct cause of the following exception:


Traceback (most recent call last):

> File "D:\minicanda\mini\envs\job\Lib\site-packages\celery\app\trace.py", line 453, in trace_task
    R = retval = fun(*args, **kwargs)
  File "D:\minicanda\mini\envs\job\Lib\site-packages\celery\app\trace.py", line 736, in __protected_call__
    return self.run(*args, **kwargs)

  File "D:\Code\job\jobCollectionWebApi\tasks\proxy_tasks.py", line 15, in check_proxies_task
    loop.run_until_complete(proxy_service.check_proxies())

  File "D:\minicanda\mini\envs\job\Lib\asyncio\base_events.py", line 654, in run_until_complete
    return future.result()

  File "D:\Code\job\jobCollectionWebApi\services\proxy_service.py", line 161, in check_proxies
    proxies = await redis.smembers(PROXY_POOL_KEY)

  File "D:\minicanda\mini\envs\job\Lib\site-packages\redis\asyncio\client.py", line 725, in execute_command
    return await conn.retry.call_with_retry(
  File "D:\minicanda\mini\envs\job\Lib\site-packages\redis\asyncio\retry.py", line 55, in call_with_retry
    raise error
  File "D:\minicanda\mini\envs\job\Lib\site-packages\redis\asyncio\retry.py", line 50, in call_with_retry
    return await do()
  File "D:\minicanda\mini\envs\job\Lib\site-packages\redis\asyncio\client.py", line 699, in _send_command_parse_response
    await conn.send_command(*args)
  File "D:\minicanda\mini\envs\job\Lib\site-packages\redis\asyncio\connection.py", line 567, in send_command
    await self.send_packed_command(
  File "D:\minicanda\mini\envs\job\Lib\site-packages\redis\asyncio\connection.py", line 554, in send_packed_command
    raise ConnectionError(

redis.exceptions.ConnectionError: Error 22 while writing to socket. 指定的网络名不再可用。.
